0 info it worked if it ends with ok
1 verbose cli [ '/usr/bin/node',
1 verbose cli   '/usr/bin/npm',
1 verbose cli   'i',
1 verbose cli   '@granite-elements/granite-lit-bootstrap' ]
2 info using npm@3.5.2
3 info using node@v8.10.0
4 silly loadCurrentTree Starting
5 silly install loadCurrentTree
6 silly install readLocalPackageData
7 silly fetchPackageMetaData @granite-elements/granite-lit-bootstrap
8 silly fetchNamedPackageData @granite-elements/granite-lit-bootstrap
9 silly mapToRegistry name @granite-elements/granite-lit-bootstrap
10 silly mapToRegistry scope (from package name) @granite-elements
11 verbose mapToRegistry no registry URL found in name for scope @granite-elements
12 silly mapToRegistry using default registry
13 silly mapToRegistry registry https://registry.npmjs.org/
14 silly mapToRegistry uri https://registry.npmjs.org/@granite-elements%2fgranite-lit-bootstrap
15 verbose request uri https://registry.npmjs.org/@granite-elements%2fgranite-lit-bootstrap
16 verbose request no auth needed
17 info attempt registry request try #1 at 4:21:38 PM
18 verbose request id 6dea45c7f41689e1
19 http request GET https://registry.npmjs.org/@granite-elements%2fgranite-lit-bootstrap
20 http 200 https://registry.npmjs.org/@granite-elements%2fgranite-lit-bootstrap
21 verbose headers { date: 'Mon, 09 Dec 2019 15:21:27 GMT',
21 verbose headers   'content-type': 'application/json',
21 verbose headers   'transfer-encoding': 'chunked',
21 verbose headers   connection: 'keep-alive',
21 verbose headers   'set-cookie':
21 verbose headers    [ '__cfduid=da5b786b498fbd8befd52d548b1c892151575904887; expires=Wed, 08-Jan-20 15:21:27 GMT; path=/; domain=.npmjs.org; HttpOnly' ],
21 verbose headers   'cf-ray': '5427f807f9c7ee6d-CDG',
21 verbose headers   age: '1107',
21 verbose headers   'cache-control': 'public, max-age=300',
21 verbose headers   etag: 'W/"f7496e9857cfdf35384e9adc4ec3d322"',
21 verbose headers   'last-modified': 'Thu, 06 Jun 2019 08:33:51 GMT',
21 verbose headers   vary: 'accept-encoding, accept',
21 verbose headers   'cf-cache-status': 'HIT',
21 verbose headers   'expect-ct': 'max-age=604800, report-uri="https://report-uri.cloudflare.com/cdn-cgi/beacon/expect-ct"',
21 verbose headers   server: 'cloudflare',
21 verbose headers   'content-encoding': 'gzip' }
22 silly get cb [ 200,
22 silly get   { date: 'Mon, 09 Dec 2019 15:21:27 GMT',
22 silly get     'content-type': 'application/json',
22 silly get     'transfer-encoding': 'chunked',
22 silly get     connection: 'keep-alive',
22 silly get     'set-cookie':
22 silly get      [ '__cfduid=da5b786b498fbd8befd52d548b1c892151575904887; expires=Wed, 08-Jan-20 15:21:27 GMT; path=/; domain=.npmjs.org; HttpOnly' ],
22 silly get     'cf-ray': '5427f807f9c7ee6d-CDG',
22 silly get     age: '1107',
22 silly get     'cache-control': 'public, max-age=300',
22 silly get     etag: 'W/"f7496e9857cfdf35384e9adc4ec3d322"',
22 silly get     'last-modified': 'Thu, 06 Jun 2019 08:33:51 GMT',
22 silly get     vary: 'accept-encoding, accept',
22 silly get     'cf-cache-status': 'HIT',
22 silly get     'expect-ct': 'max-age=604800, report-uri="https://report-uri.cloudflare.com/cdn-cgi/beacon/expect-ct"',
22 silly get     server: 'cloudflare',
22 silly get     'content-encoding': 'gzip' } ]
23 verbose get saving @granite-elements/granite-lit-bootstrap to /home/steve/.npm/registry.npmjs.org/_40granite-elements_252fgranite-lit-bootstrap/.cache.json
24 silly install normalizeTree
25 silly loadCurrentTree Finishing
26 silly loadIdealTree Starting
27 silly install loadIdealTree
28 silly cloneCurrentTree Starting
29 silly install cloneCurrentTreeToIdealTree
30 silly cloneCurrentTree Finishing
31 silly loadShrinkwrap Starting
32 silly install loadShrinkwrap
33 silly loadShrinkwrap Finishing
34 silly loadAllDepsIntoIdealTree Starting
35 silly install loadAllDepsIntoIdealTree
36 silly resolveWithNewModule @granite-elements/granite-lit-bootstrap@4.3.1-3 checking installable status
37 silly cache add args [ '@granite-elements/granite-lit-bootstrap', null ]
38 verbose cache add spec @granite-elements/granite-lit-bootstrap
39 silly cache add parsed spec Result {
39 silly cache add   raw: '@granite-elements/granite-lit-bootstrap',
39 silly cache add   scope: '@granite-elements',
39 silly cache add   name: '@granite-elements/granite-lit-bootstrap',
39 silly cache add   rawSpec: '',
39 silly cache add   spec: 'latest',
39 silly cache add   type: 'tag' }
40 silly addNamed @granite-elements/granite-lit-bootstrap@latest
41 verbose addNamed "latest" is being treated as a dist-tag for @granite-elements/granite-lit-bootstrap
42 info addNameTag [ '@granite-elements/granite-lit-bootstrap', 'latest' ]
43 silly mapToRegistry name @granite-elements/granite-lit-bootstrap
44 silly mapToRegistry scope (from package name) @granite-elements
45 verbose mapToRegistry no registry URL found in name for scope @granite-elements
46 silly mapToRegistry using default registry
47 silly mapToRegistry registry https://registry.npmjs.org/
48 silly mapToRegistry uri https://registry.npmjs.org/@granite-elements%2fgranite-lit-bootstrap
49 verbose addNameTag registry:https://registry.npmjs.org/@granite-elements%2fgranite-lit-bootstrap not in flight; fetching
50 verbose get https://registry.npmjs.org/@granite-elements%2fgranite-lit-bootstrap not expired, no request
51 silly addNameTag next cb for @granite-elements/granite-lit-bootstrap with tag latest
52 silly addNamed @granite-elements/granite-lit-bootstrap@4.3.1-3
53 verbose addNamed "4.3.1-3" is a plain semver version for @granite-elements/granite-lit-bootstrap
54 silly mapToRegistry name @granite-elements/granite-lit-bootstrap
55 silly mapToRegistry scope (from package name) @granite-elements
56 verbose mapToRegistry no registry URL found in name for scope @granite-elements
57 silly mapToRegistry using default registry
58 silly mapToRegistry registry https://registry.npmjs.org/
59 silly mapToRegistry uri https://registry.npmjs.org/@granite-elements%2fgranite-lit-bootstrap
60 verbose addRemoteTarball https://registry.npmjs.org/@granite-elements/granite-lit-bootstrap/-/granite-lit-bootstrap-4.3.1-3.tgz not in flight; adding
61 verbose addRemoteTarball [ 'https://registry.npmjs.org/@granite-elements/granite-lit-bootstrap/-/granite-lit-bootstrap-4.3.1-3.tgz',
61 verbose addRemoteTarball   '2402cdd39128fc74f3c50dc7e84bc4f682fc33cd' ]
62 info retry fetch attempt 1 at 4:21:45 PM
63 info attempt registry request try #1 at 4:21:45 PM
64 http fetch GET https://registry.npmjs.org/@granite-elements/granite-lit-bootstrap/-/granite-lit-bootstrap-4.3.1-3.tgz
65 http fetch 200 https://registry.npmjs.org/@granite-elements/granite-lit-bootstrap/-/granite-lit-bootstrap-4.3.1-3.tgz
66 silly fetchAndShaCheck shasum 2402cdd39128fc74f3c50dc7e84bc4f682fc33cd
67 verbose addTmpTarball /tmp/npm-1506-da7ac0a3/registry.npmjs.org/_40granite-elements/granite-lit-bootstrap/-/granite-lit-bootstrap-4.3.1-3.tgz not in flight; adding
68 verbose addTmpTarball already have metadata; skipping unpack for @granite-elements/granite-lit-bootstrap@4.3.1-3
69 silly cache afterAdd @granite-elements/granite-lit-bootstrap@4.3.1-3
70 verbose afterAdd /home/steve/.npm/@granite-elements/granite-lit-bootstrap/4.3.1-3/package/package.json not in flight; writing
71 verbose afterAdd /home/steve/.npm/@granite-elements/granite-lit-bootstrap/4.3.1-3/package/package.json written
72 silly loadAllDepsIntoIdealTree Finishing
73 silly idealTree:prePrune lit-element-beers@1.0.0
73 silly idealTree:prePrune ├── @babel/code-frame@7.5.5
73 silly idealTree:prePrune ├── @babel/highlight@7.5.0
73 silly idealTree:prePrune ├── @granite-elements/granite-lit-bootstrap@4.3.1-3
73 silly idealTree:prePrune ├── @pika/web@0.4.4
73 silly idealTree:prePrune ├── @types/estree@0.0.40
73 silly idealTree:prePrune ├── @types/node@12.12.15
73 silly idealTree:prePrune ├── @types/resolve@0.0.8
73 silly idealTree:prePrune ├── acorn@7.1.0
73 silly idealTree:prePrune ├── ansi-regex@4.1.0
73 silly idealTree:prePrune ├── ansi-styles@3.2.1
73 silly idealTree:prePrune ├── balanced-match@1.0.0
73 silly idealTree:prePrune ├── bootstrap@4.3.1
73 silly idealTree:prePrune ├── brace-expansion@1.1.11
73 silly idealTree:prePrune ├── buffer-from@1.1.1
73 silly idealTree:prePrune ├── builtin-modules@3.1.0
73 silly idealTree:prePrune ├── camelcase@5.3.1
73 silly idealTree:prePrune ├── chalk@2.4.2
73 silly idealTree:prePrune ├── cli-cursor@2.1.0
73 silly idealTree:prePrune ├── cli-spinners@2.2.0
73 silly idealTree:prePrune ├── clone@1.0.4
73 silly idealTree:prePrune ├── color-convert@1.9.3
73 silly idealTree:prePrune ├── color-name@1.1.3
73 silly idealTree:prePrune ├── commander@2.20.3
73 silly idealTree:prePrune ├── concat-map@0.0.1
73 silly idealTree:prePrune ├── decamelize@1.2.0
73 silly idealTree:prePrune ├── defaults@1.0.3
73 silly idealTree:prePrune ├── escape-string-regexp@1.0.5
73 silly idealTree:prePrune ├── estree-walker@0.6.1
73 silly idealTree:prePrune ├── esutils@2.0.3
73 silly idealTree:prePrune ├── fs.realpath@1.0.0
73 silly idealTree:prePrune ├── glob@7.1.6
73 silly idealTree:prePrune ├── has-flag@3.0.0
73 silly idealTree:prePrune ├── inflight@1.0.6
73 silly idealTree:prePrune ├── inherits@2.0.4
73 silly idealTree:prePrune ├── is-builtin-module@3.0.0
73 silly idealTree:prePrune ├── is-module@1.0.0
73 silly idealTree:prePrune ├─┬ jest-worker@24.9.0
73 silly idealTree:prePrune │ └── supports-color@6.1.0
73 silly idealTree:prePrune ├── js-tokens@4.0.0
73 silly idealTree:prePrune ├── lit-element@2.2.1
73 silly idealTree:prePrune ├── lit-html@1.1.2
73 silly idealTree:prePrune ├── log-symbols@2.2.0
73 silly idealTree:prePrune ├── magic-string@0.25.4
73 silly idealTree:prePrune ├── merge-stream@2.0.0
73 silly idealTree:prePrune ├── mimic-fn@1.2.0
73 silly idealTree:prePrune ├── minimatch@3.0.4
73 silly idealTree:prePrune ├── once@1.4.0
73 silly idealTree:prePrune ├── onetime@2.0.1
73 silly idealTree:prePrune ├── ora@3.4.0
73 silly idealTree:prePrune ├── path-is-absolute@1.0.1
73 silly idealTree:prePrune ├── path-parse@1.0.6
73 silly idealTree:prePrune ├── resolve@1.13.1
73 silly idealTree:prePrune ├── restore-cursor@2.0.0
73 silly idealTree:prePrune ├── rimraf@2.7.1
73 silly idealTree:prePrune ├── rollup-plugin-commonjs@9.3.4
73 silly idealTree:prePrune ├── rollup-plugin-json@3.1.0
73 silly idealTree:prePrune ├── rollup-plugin-node-resolve@4.2.4
73 silly idealTree:prePrune ├── rollup-plugin-replace@2.2.0
73 silly idealTree:prePrune ├── rollup-plugin-terser@4.0.4
73 silly idealTree:prePrune ├── rollup-pluginutils@2.8.2
73 silly idealTree:prePrune ├── rollup@1.27.9
73 silly idealTree:prePrune ├── serialize-javascript@1.9.1
73 silly idealTree:prePrune ├── signal-exit@3.0.2
73 silly idealTree:prePrune ├── source-map-support@0.5.16
73 silly idealTree:prePrune ├── source-map@0.6.1
73 silly idealTree:prePrune ├── sourcemap-codec@1.4.6
73 silly idealTree:prePrune ├── strip-ansi@5.2.0
73 silly idealTree:prePrune ├── supports-color@5.5.0
73 silly idealTree:prePrune ├── terser@3.17.0
73 silly idealTree:prePrune ├── wcwidth@1.0.1
73 silly idealTree:prePrune ├── wrappy@1.0.2
73 silly idealTree:prePrune └── yargs-parser@13.1.1
74 silly loadIdealTree Finishing
75 silly currentTree lit-element-beers@1.0.0
75 silly currentTree ├── @babel/code-frame@7.5.5
75 silly currentTree ├── @babel/highlight@7.5.0
75 silly currentTree ├── @pika/web@0.4.4
75 silly currentTree ├── @types/estree@0.0.40
75 silly currentTree ├── @types/node@12.12.15
75 silly currentTree ├── @types/resolve@0.0.8
75 silly currentTree ├── acorn@7.1.0
75 silly currentTree ├── ansi-regex@4.1.0
75 silly currentTree ├── ansi-styles@3.2.1
75 silly currentTree ├── balanced-match@1.0.0
75 silly currentTree ├── bootstrap@4.3.1
75 silly currentTree ├── brace-expansion@1.1.11
75 silly currentTree ├── buffer-from@1.1.1
75 silly currentTree ├── builtin-modules@3.1.0
75 silly currentTree ├── camelcase@5.3.1
75 silly currentTree ├── chalk@2.4.2
75 silly currentTree ├── cli-cursor@2.1.0
75 silly currentTree ├── cli-spinners@2.2.0
75 silly currentTree ├── clone@1.0.4
75 silly currentTree ├── color-convert@1.9.3
75 silly currentTree ├── color-name@1.1.3
75 silly currentTree ├── commander@2.20.3
75 silly currentTree ├── concat-map@0.0.1
75 silly currentTree ├── decamelize@1.2.0
75 silly currentTree ├── defaults@1.0.3
75 silly currentTree ├── escape-string-regexp@1.0.5
75 silly currentTree ├── estree-walker@0.6.1
75 silly currentTree ├── esutils@2.0.3
75 silly currentTree ├── fs.realpath@1.0.0
75 silly currentTree ├── glob@7.1.6
75 silly currentTree ├── has-flag@3.0.0
75 silly currentTree ├── inflight@1.0.6
75 silly currentTree ├── inherits@2.0.4
75 silly currentTree ├── is-builtin-module@3.0.0
75 silly currentTree ├── is-module@1.0.0
75 silly currentTree ├─┬ jest-worker@24.9.0
75 silly currentTree │ └── supports-color@6.1.0
75 silly currentTree ├── js-tokens@4.0.0
75 silly currentTree ├── lit-element@2.2.1
75 silly currentTree ├── lit-html@1.1.2
75 silly currentTree ├── log-symbols@2.2.0
75 silly currentTree ├── magic-string@0.25.4
75 silly currentTree ├── merge-stream@2.0.0
75 silly currentTree ├── mimic-fn@1.2.0
75 silly currentTree ├── minimatch@3.0.4
75 silly currentTree ├── once@1.4.0
75 silly currentTree ├── onetime@2.0.1
75 silly currentTree ├── ora@3.4.0
75 silly currentTree ├── path-is-absolute@1.0.1
75 silly currentTree ├── path-parse@1.0.6
75 silly currentTree ├── resolve@1.13.1
75 silly currentTree ├── restore-cursor@2.0.0
75 silly currentTree ├── rimraf@2.7.1
75 silly currentTree ├── rollup-plugin-commonjs@9.3.4
75 silly currentTree ├── rollup-plugin-json@3.1.0
75 silly currentTree ├── rollup-plugin-node-resolve@4.2.4
75 silly currentTree ├── rollup-plugin-replace@2.2.0
75 silly currentTree ├── rollup-plugin-terser@4.0.4
75 silly currentTree ├── rollup-pluginutils@2.8.2
75 silly currentTree ├── rollup@1.27.9
75 silly currentTree ├── serialize-javascript@1.9.1
75 silly currentTree ├── signal-exit@3.0.2
75 silly currentTree ├── source-map-support@0.5.16
75 silly currentTree ├── source-map@0.6.1
75 silly currentTree ├── sourcemap-codec@1.4.6
75 silly currentTree ├── strip-ansi@5.2.0
75 silly currentTree ├── supports-color@5.5.0
75 silly currentTree ├── terser@3.17.0
75 silly currentTree ├── wcwidth@1.0.1
75 silly currentTree ├── wrappy@1.0.2
75 silly currentTree └── yargs-parser@13.1.1
76 silly idealTree lit-element-beers@1.0.0
76 silly idealTree ├── @babel/code-frame@7.5.5
76 silly idealTree ├── @babel/highlight@7.5.0
76 silly idealTree ├── @granite-elements/granite-lit-bootstrap@4.3.1-3
76 silly idealTree ├── @pika/web@0.4.4
76 silly idealTree ├── @types/estree@0.0.40
76 silly idealTree ├── @types/node@12.12.15
76 silly idealTree ├── @types/resolve@0.0.8
76 silly idealTree ├── acorn@7.1.0
76 silly idealTree ├── ansi-regex@4.1.0
76 silly idealTree ├── ansi-styles@3.2.1
76 silly idealTree ├── balanced-match@1.0.0
76 silly idealTree ├── bootstrap@4.3.1
76 silly idealTree ├── brace-expansion@1.1.11
76 silly idealTree ├── buffer-from@1.1.1
76 silly idealTree ├── builtin-modules@3.1.0
76 silly idealTree ├── camelcase@5.3.1
76 silly idealTree ├── chalk@2.4.2
76 silly idealTree ├── cli-cursor@2.1.0
76 silly idealTree ├── cli-spinners@2.2.0
76 silly idealTree ├── clone@1.0.4
76 silly idealTree ├── color-convert@1.9.3
76 silly idealTree ├── color-name@1.1.3
76 silly idealTree ├── commander@2.20.3
76 silly idealTree ├── concat-map@0.0.1
76 silly idealTree ├── decamelize@1.2.0
76 silly idealTree ├── defaults@1.0.3
76 silly idealTree ├── escape-string-regexp@1.0.5
76 silly idealTree ├── estree-walker@0.6.1
76 silly idealTree ├── esutils@2.0.3
76 silly idealTree ├── fs.realpath@1.0.0
76 silly idealTree ├── glob@7.1.6
76 silly idealTree ├── has-flag@3.0.0
76 silly idealTree ├── inflight@1.0.6
76 silly idealTree ├── inherits@2.0.4
76 silly idealTree ├── is-builtin-module@3.0.0
76 silly idealTree ├── is-module@1.0.0
76 silly idealTree ├─┬ jest-worker@24.9.0
76 silly idealTree │ └── supports-color@6.1.0
76 silly idealTree ├── js-tokens@4.0.0
76 silly idealTree ├── lit-element@2.2.1
76 silly idealTree ├── lit-html@1.1.2
76 silly idealTree ├── log-symbols@2.2.0
76 silly idealTree ├── magic-string@0.25.4
76 silly idealTree ├── merge-stream@2.0.0
76 silly idealTree ├── mimic-fn@1.2.0
76 silly idealTree ├── minimatch@3.0.4
76 silly idealTree ├── once@1.4.0
76 silly idealTree ├── onetime@2.0.1
76 silly idealTree ├── ora@3.4.0
76 silly idealTree ├── path-is-absolute@1.0.1
76 silly idealTree ├── path-parse@1.0.6
76 silly idealTree ├── resolve@1.13.1
76 silly idealTree ├── restore-cursor@2.0.0
76 silly idealTree ├── rimraf@2.7.1
76 silly idealTree ├── rollup-plugin-commonjs@9.3.4
76 silly idealTree ├── rollup-plugin-json@3.1.0
76 silly idealTree ├── rollup-plugin-node-resolve@4.2.4
76 silly idealTree ├── rollup-plugin-replace@2.2.0
76 silly idealTree ├── rollup-plugin-terser@4.0.4
76 silly idealTree ├── rollup-pluginutils@2.8.2
76 silly idealTree ├── rollup@1.27.9
76 silly idealTree ├── serialize-javascript@1.9.1
76 silly idealTree ├── signal-exit@3.0.2
76 silly idealTree ├── source-map-support@0.5.16
76 silly idealTree ├── source-map@0.6.1
76 silly idealTree ├── sourcemap-codec@1.4.6
76 silly idealTree ├── strip-ansi@5.2.0
76 silly idealTree ├── supports-color@5.5.0
76 silly idealTree ├── terser@3.17.0
76 silly idealTree ├── wcwidth@1.0.1
76 silly idealTree ├── wrappy@1.0.2
76 silly idealTree └── yargs-parser@13.1.1
77 silly generateActionsToTake Starting
78 silly install generateActionsToTake
79 silly generateActionsToTake Finishing
80 silly diffTrees action count 2
81 silly diffTrees update bootstrap@4.3.1
82 silly diffTrees add @granite-elements/granite-lit-bootstrap@4.3.1-3
83 silly decomposeActions action count 16
84 silly decomposeActions fetch bootstrap@4.3.1
85 silly decomposeActions extract bootstrap@4.3.1
86 silly decomposeActions test bootstrap@4.3.1
87 silly decomposeActions preinstall bootstrap@4.3.1
88 silly decomposeActions build bootstrap@4.3.1
89 silly decomposeActions install bootstrap@4.3.1
90 silly decomposeActions postinstall bootstrap@4.3.1
91 silly decomposeActions finalize bootstrap@4.3.1
92 silly decomposeActions fetch @granite-elements/granite-lit-bootstrap@4.3.1-3
93 silly decomposeActions extract @granite-elements/granite-lit-bootstrap@4.3.1-3
94 silly decomposeActions test @granite-elements/granite-lit-bootstrap@4.3.1-3
95 silly decomposeActions preinstall @granite-elements/granite-lit-bootstrap@4.3.1-3
96 silly decomposeActions build @granite-elements/granite-lit-bootstrap@4.3.1-3
97 silly decomposeActions install @granite-elements/granite-lit-bootstrap@4.3.1-3
98 silly decomposeActions postinstall @granite-elements/granite-lit-bootstrap@4.3.1-3
99 silly decomposeActions finalize @granite-elements/granite-lit-bootstrap@4.3.1-3
100 silly executeActions Starting
101 silly install executeActions
102 silly doSerial global-install 0
103 silly doParallel fetch 2
104 verbose lock using /home/steve/.npm/_locks/staging-58dd86d120d35918.lock for /home/steve/git/lit-element-beers/node_modules/.staging
105 silly doParallel extract 2
106 silly extract bootstrap@4.3.1
107 silly extract @granite-elements/granite-lit-bootstrap@4.3.1-3
108 silly addNamed bootstrap@4.3.1
109 verbose addNamed "4.3.1" is a plain semver version for bootstrap
110 silly mapToRegistry name bootstrap
111 silly mapToRegistry using default registry
112 silly mapToRegistry registry https://registry.npmjs.org/
113 silly mapToRegistry uri https://registry.npmjs.org/bootstrap
114 verbose addNameVersion registry:https://registry.npmjs.org/bootstrap not in flight; fetching
115 verbose request uri https://registry.npmjs.org/bootstrap
116 verbose request no auth needed
117 info attempt registry request try #1 at 4:21:46 PM
118 http request GET https://registry.npmjs.org/bootstrap
119 verbose unbuild node_modules/.staging/@granite-elements/granite-lit-bootstrap-5303423e
120 silly gentlyRm /home/steve/git/lit-element-beers/node_modules/.staging/@granite-elements/granite-lit-bootstrap-5303423e is being purged from base /home/steve/git/lit-element-beers
121 verbose gentlyRm don't care about contents; nuking /home/steve/git/lit-element-beers/node_modules/.staging/@granite-elements/granite-lit-bootstrap-5303423e
122 verbose tar unpack /home/steve/.npm/@granite-elements/granite-lit-bootstrap/4.3.1-3/package.tgz
123 verbose tar unpacking to /home/steve/git/lit-element-beers/node_modules/.staging/@granite-elements/granite-lit-bootstrap-5303423e
124 silly gentlyRm /home/steve/git/lit-element-beers/node_modules/.staging/@granite-elements/granite-lit-bootstrap-5303423e is being purged
125 verbose gentlyRm don't care about contents; nuking /home/steve/git/lit-element-beers/node_modules/.staging/@granite-elements/granite-lit-bootstrap-5303423e
126 silly gunzTarPerm modes [ '777', '666' ]
127 silly gunzTarPerm extractEntry package.json
128 silly gunzTarPerm modified mode [ 'package.json', 420, 438 ]
129 silly gunzTarPerm extractEntry .eslintrc.json
130 silly gunzTarPerm modified mode [ '.eslintrc.json', 420, 438 ]
131 silly gunzTarPerm extractEntry granite-lit-bootstrap-grid-min.js
132 silly gunzTarPerm modified mode [ 'granite-lit-bootstrap-grid-min.js', 420, 438 ]
133 http 200 https://registry.npmjs.org/bootstrap
134 verbose headers { date: 'Mon, 09 Dec 2019 15:21:28 GMT',
134 verbose headers   'content-type': 'application/json',
134 verbose headers   'transfer-encoding': 'chunked',
134 verbose headers   connection: 'keep-alive',
134 verbose headers   'set-cookie':
134 verbose headers    [ '__cfduid=db735fd116b2644972b8fc7c8d71dadb21575904888; expires=Wed, 08-Jan-20 15:21:28 GMT; path=/; domain=.npmjs.org; HttpOnly' ],
134 verbose headers   'cf-ray': '5427f8111ecbee6d-CDG',
134 verbose headers   age: '6715',
134 verbose headers   'cache-control': 'public, max-age=300',
134 verbose headers   etag: 'W/"ba8a1e007a5e317153e96023b0e643bd"',
134 verbose headers   'last-modified': 'Thu, 28 Nov 2019 13:08:43 GMT',
134 verbose headers   vary: 'accept-encoding, accept',
134 verbose headers   'cf-cache-status': 'HIT',
134 verbose headers   'expect-ct': 'max-age=604800, report-uri="https://report-uri.cloudflare.com/cdn-cgi/beacon/expect-ct"',
134 verbose headers   server: 'cloudflare',
134 verbose headers   'content-encoding': 'gzip' }
135 silly get cb [ 200,
135 silly get   { date: 'Mon, 09 Dec 2019 15:21:28 GMT',
135 silly get     'content-type': 'application/json',
135 silly get     'transfer-encoding': 'chunked',
135 silly get     connection: 'keep-alive',
135 silly get     'set-cookie':
135 silly get      [ '__cfduid=db735fd116b2644972b8fc7c8d71dadb21575904888; expires=Wed, 08-Jan-20 15:21:28 GMT; path=/; domain=.npmjs.org; HttpOnly' ],
135 silly get     'cf-ray': '5427f8111ecbee6d-CDG',
135 silly get     age: '6715',
135 silly get     'cache-control': 'public, max-age=300',
135 silly get     etag: 'W/"ba8a1e007a5e317153e96023b0e643bd"',
135 silly get     'last-modified': 'Thu, 28 Nov 2019 13:08:43 GMT',
135 silly get     vary: 'accept-encoding, accept',
135 silly get     'cf-cache-status': 'HIT',
135 silly get     'expect-ct': 'max-age=604800, report-uri="https://report-uri.cloudflare.com/cdn-cgi/beacon/expect-ct"',
135 silly get     server: 'cloudflare',
135 silly get     'content-encoding': 'gzip' } ]
136 verbose get saving bootstrap to /home/steve/.npm/registry.npmjs.org/bootstrap/.cache.json
137 silly gunzTarPerm extractEntry granite-lit-bootstrap-grid.js
138 silly gunzTarPerm modified mode [ 'granite-lit-bootstrap-grid.js', 420, 438 ]
139 silly gunzTarPerm extractEntry granite-lit-bootstrap-min.js
140 silly gunzTarPerm modified mode [ 'granite-lit-bootstrap-min.js', 420, 438 ]
141 silly gunzTarPerm extractEntry granite-lit-bootstrap-reboot-min.js
142 silly gunzTarPerm modified mode [ 'granite-lit-bootstrap-reboot-min.js', 420, 438 ]
143 silly gunzTarPerm extractEntry granite-lit-bootstrap-reboot.js
144 silly gunzTarPerm modified mode [ 'granite-lit-bootstrap-reboot.js', 420, 438 ]
145 silly gunzTarPerm extractEntry granite-lit-bootstrap.js
146 silly gunzTarPerm modified mode [ 'granite-lit-bootstrap.js', 420, 438 ]
147 silly gunzTarPerm extractEntry index.html
148 silly gunzTarPerm modified mode [ 'index.html', 420, 438 ]
149 silly mapToRegistry name bootstrap
150 silly mapToRegistry using default registry
151 silly mapToRegistry registry https://registry.npmjs.org/
152 silly mapToRegistry uri https://registry.npmjs.org/bootstrap
153 verbose addRemoteTarball https://registry.npmjs.org/bootstrap/-/bootstrap-4.3.1.tgz not in flight; adding
154 verbose addRemoteTarball [ 'https://registry.npmjs.org/bootstrap/-/bootstrap-4.3.1.tgz',
154 verbose addRemoteTarball   '280ca8f610504d99d7b6b4bfc4b68cec601704ac' ]
155 info retry fetch attempt 1 at 4:21:46 PM
156 info attempt registry request try #1 at 4:21:46 PM
157 http fetch GET https://registry.npmjs.org/bootstrap/-/bootstrap-4.3.1.tgz
158 silly gunzTarPerm extractEntry LICENCE.md
159 silly gunzTarPerm modified mode [ 'LICENCE.md', 493, 511 ]
160 silly gunzTarPerm extractEntry polymer.json
161 silly gunzTarPerm modified mode [ 'polymer.json', 420, 438 ]
162 silly gunzTarPerm extractEntry README.md
163 silly gunzTarPerm modified mode [ 'README.md', 420, 438 ]
164 silly gunzTarPerm extractEntry demo/granite-bootstrap-example.js
165 silly gunzTarPerm modified mode [ 'demo/granite-bootstrap-example.js', 420, 438 ]
166 silly gunzTarPerm extractEntry demo/index.html
167 silly gunzTarPerm modified mode [ 'demo/index.html', 420, 438 ]
168 silly gunzTarPerm extractEntry scripts/granite-css-modularizer.js
169 silly gunzTarPerm modified mode [ 'scripts/granite-css-modularizer.js', 420, 438 ]
170 http fetch 200 https://registry.npmjs.org/bootstrap/-/bootstrap-4.3.1.tgz
171 silly gentlyRm /home/steve/git/lit-element-beers/node_modules/.staging/@granite-elements/granite-lit-bootstrap-5303423e/node_modules is being purged
172 verbose gentlyRm don't care about contents; nuking /home/steve/git/lit-element-beers/node_modules/.staging/@granite-elements/granite-lit-bootstrap-5303423e/node_modules
173 silly fetchAndShaCheck shasum 280ca8f610504d99d7b6b4bfc4b68cec601704ac
174 verbose addTmpTarball /tmp/npm-1506-da7ac0a3/registry.npmjs.org/bootstrap/-/bootstrap-4.3.1.tgz not in flight; adding
175 verbose addTmpTarball already have metadata; skipping unpack for bootstrap@4.3.1
176 verbose unbuild node_modules/.staging/bootstrap-a1838c39
177 silly gentlyRm /home/steve/git/lit-element-beers/node_modules/.staging/bootstrap-a1838c39 is being purged from base /home/steve/git/lit-element-beers
178 verbose gentlyRm don't care about contents; nuking /home/steve/git/lit-element-beers/node_modules/.staging/bootstrap-a1838c39
179 verbose tar unpack /home/steve/.npm/bootstrap/4.3.1/package.tgz
180 verbose tar unpacking to /home/steve/git/lit-element-beers/node_modules/.staging/bootstrap-a1838c39
181 silly gentlyRm /home/steve/git/lit-element-beers/node_modules/.staging/bootstrap-a1838c39 is being purged
182 verbose gentlyRm don't care about contents; nuking /home/steve/git/lit-element-beers/node_modules/.staging/bootstrap-a1838c39
183 silly gunzTarPerm modes [ '777', '666' ]
184 silly gunzTarPerm extractEntry package.json
185 silly gunzTarPerm extractEntry LICENSE
186 silly gunzTarPerm extractEntry README.md
187 silly gunzTarPerm extractEntry dist/css/bootstrap-grid.css
188 silly gunzTarPerm extractEntry dist/css/bootstrap-grid.css.map
189 silly gunzTarPerm extractEntry dist/css/bootstrap-grid.min.css
190 silly gunzTarPerm extractEntry dist/css/bootstrap-grid.min.css.map
191 silly gunzTarPerm extractEntry dist/css/bootstrap-reboot.css
192 silly gunzTarPerm extractEntry dist/css/bootstrap-reboot.css.map
193 silly gunzTarPerm extractEntry dist/css/bootstrap-reboot.min.css
194 silly gunzTarPerm extractEntry dist/css/bootstrap-reboot.min.css.map
195 silly gunzTarPerm extractEntry dist/css/bootstrap.css
196 silly gunzTarPerm extractEntry dist/css/bootstrap.css.map
197 silly gunzTarPerm extractEntry dist/css/bootstrap.min.css
198 silly gunzTarPerm extractEntry dist/css/bootstrap.min.css.map
199 silly gunzTarPerm extractEntry dist/js/bootstrap.bundle.js
200 silly gunzTarPerm extractEntry dist/js/bootstrap.bundle.js.map
201 silly gunzTarPerm extractEntry dist/js/bootstrap.bundle.min.js
202 silly gunzTarPerm extractEntry dist/js/bootstrap.bundle.min.js.map
203 silly gunzTarPerm extractEntry dist/js/bootstrap.js
204 silly gunzTarPerm extractEntry dist/js/bootstrap.js.map
205 silly gunzTarPerm extractEntry dist/js/bootstrap.min.js
206 silly gunzTarPerm extractEntry dist/js/bootstrap.min.js.map
207 silly gunzTarPerm extractEntry js/dist/alert.js
208 silly gunzTarPerm extractEntry js/dist/alert.js.map
209 silly gunzTarPerm extractEntry js/dist/button.js
210 silly gunzTarPerm extractEntry js/dist/button.js.map
211 silly gunzTarPerm extractEntry js/dist/carousel.js
212 silly gunzTarPerm extractEntry js/dist/carousel.js.map
213 silly gunzTarPerm extractEntry js/dist/collapse.js
214 silly gunzTarPerm extractEntry js/dist/collapse.js.map
215 silly gunzTarPerm extractEntry js/dist/dropdown.js
216 silly gunzTarPerm extractEntry js/dist/dropdown.js.map
217 silly gunzTarPerm extractEntry js/dist/index.js
218 silly gunzTarPerm extractEntry js/dist/index.js.map
219 silly gunzTarPerm extractEntry js/dist/modal.js
220 silly gunzTarPerm extractEntry js/dist/modal.js.map
221 silly gunzTarPerm extractEntry js/dist/popover.js
222 silly gunzTarPerm extractEntry js/dist/popover.js.map
223 silly gunzTarPerm extractEntry js/dist/scrollspy.js
224 silly gunzTarPerm extractEntry js/dist/scrollspy.js.map
225 silly gunzTarPerm extractEntry js/dist/tab.js
226 silly gunzTarPerm extractEntry js/dist/tab.js.map
227 silly gunzTarPerm extractEntry js/dist/toast.js
228 silly gunzTarPerm extractEntry js/dist/toast.js.map
229 silly gunzTarPerm extractEntry js/dist/tooltip.js
230 silly gunzTarPerm extractEntry js/dist/tooltip.js.map
231 silly gunzTarPerm extractEntry js/dist/util.js
232 silly gunzTarPerm extractEntry js/dist/util.js.map
233 silly gunzTarPerm extractEntry js/src/alert.js
234 silly gunzTarPerm extractEntry js/src/button.js
235 silly gunzTarPerm extractEntry js/src/carousel.js
236 silly gunzTarPerm extractEntry js/src/collapse.js
237 silly gunzTarPerm extractEntry js/src/dropdown.js
238 silly gunzTarPerm extractEntry js/src/index.js
239 silly gunzTarPerm extractEntry js/src/modal.js
240 silly gunzTarPerm extractEntry js/src/popover.js
241 silly gunzTarPerm extractEntry js/src/scrollspy.js
242 silly gunzTarPerm extractEntry js/src/tab.js
243 silly gunzTarPerm extractEntry js/src/toast.js
244 silly gunzTarPerm extractEntry js/src/tools/sanitizer.js
245 silly gunzTarPerm extractEntry js/src/tooltip.js
246 silly gunzTarPerm extractEntry js/src/util.js
247 silly gunzTarPerm extractEntry scss/_alert.scss
248 silly gunzTarPerm extractEntry scss/_badge.scss
249 silly gunzTarPerm extractEntry scss/_breadcrumb.scss
250 silly gunzTarPerm extractEntry scss/_button-group.scss
251 silly gunzTarPerm extractEntry scss/_buttons.scss
252 silly gunzTarPerm extractEntry scss/_card.scss
253 silly gunzTarPerm extractEntry scss/_carousel.scss
254 silly gunzTarPerm extractEntry scss/_close.scss
255 silly gunzTarPerm extractEntry scss/_code.scss
256 silly gunzTarPerm extractEntry scss/_custom-forms.scss
257 silly gunzTarPerm extractEntry scss/_dropdown.scss
258 silly gunzTarPerm extractEntry scss/_forms.scss
259 silly gunzTarPerm extractEntry scss/_functions.scss
260 silly gunzTarPerm extractEntry scss/_grid.scss
261 silly gunzTarPerm extractEntry scss/_images.scss
262 silly gunzTarPerm extractEntry scss/_input-group.scss
263 silly gunzTarPerm extractEntry scss/_jumbotron.scss
264 silly gunzTarPerm extractEntry scss/_list-group.scss
265 silly gunzTarPerm extractEntry scss/_media.scss
266 silly gunzTarPerm extractEntry scss/_mixins.scss
267 silly gunzTarPerm extractEntry scss/_modal.scss
268 silly gunzTarPerm extractEntry scss/_nav.scss
269 silly gunzTarPerm extractEntry scss/_navbar.scss
270 silly gunzTarPerm extractEntry scss/_pagination.scss
271 silly gunzTarPerm extractEntry scss/_popover.scss
272 silly gunzTarPerm extractEntry scss/_print.scss
273 silly gunzTarPerm extractEntry scss/_progress.scss
274 silly gunzTarPerm extractEntry scss/_reboot.scss
275 silly gunzTarPerm extractEntry scss/_root.scss
276 silly gunzTarPerm extractEntry scss/_spinners.scss
277 silly gunzTarPerm extractEntry scss/_tables.scss
278 silly gunzTarPerm extractEntry scss/_toasts.scss
279 silly gunzTarPerm extractEntry scss/_tooltip.scss
280 silly gunzTarPerm extractEntry scss/_transitions.scss
281 silly gunzTarPerm extractEntry scss/_type.scss
282 silly gunzTarPerm extractEntry scss/_utilities.scss
283 silly gunzTarPerm extractEntry scss/_variables.scss
284 silly gunzTarPerm extractEntry scss/bootstrap-grid.scss
285 silly gunzTarPerm extractEntry scss/bootstrap-reboot.scss
286 silly gunzTarPerm extractEntry scss/bootstrap.scss
287 silly gunzTarPerm extractEntry scss/mixins/_alert.scss
288 silly gunzTarPerm extractEntry scss/mixins/_background-variant.scss
289 silly gunzTarPerm extractEntry scss/mixins/_badge.scss
290 silly gunzTarPerm extractEntry scss/mixins/_border-radius.scss
291 silly gunzTarPerm extractEntry scss/mixins/_box-shadow.scss
292 silly gunzTarPerm extractEntry scss/mixins/_breakpoints.scss
293 silly gunzTarPerm extractEntry scss/mixins/_buttons.scss
294 silly gunzTarPerm extractEntry scss/mixins/_caret.scss
295 silly gunzTarPerm extractEntry scss/mixins/_clearfix.scss
296 silly gunzTarPerm extractEntry scss/mixins/_deprecate.scss
297 silly gunzTarPerm extractEntry scss/mixins/_float.scss
298 silly gunzTarPerm extractEntry scss/mixins/_forms.scss
299 silly gunzTarPerm extractEntry scss/mixins/_gradients.scss
300 silly gunzTarPerm extractEntry scss/mixins/_grid-framework.scss
301 silly gunzTarPerm extractEntry scss/mixins/_grid.scss
302 silly gunzTarPerm extractEntry scss/mixins/_hover.scss
303 silly gunzTarPerm extractEntry scss/mixins/_image.scss
304 silly gunzTarPerm extractEntry scss/mixins/_list-group.scss
305 silly gunzTarPerm extractEntry scss/mixins/_lists.scss
306 silly gunzTarPerm extractEntry scss/mixins/_nav-divider.scss
307 silly gunzTarPerm extractEntry scss/mixins/_pagination.scss
308 silly gunzTarPerm extractEntry scss/mixins/_reset-text.scss
309 silly gunzTarPerm extractEntry scss/mixins/_resize.scss
310 silly gunzTarPerm extractEntry scss/mixins/_screen-reader.scss
311 silly gunzTarPerm extractEntry scss/mixins/_size.scss
312 silly gunzTarPerm extractEntry scss/mixins/_table-row.scss
313 silly gunzTarPerm extractEntry scss/mixins/_text-emphasis.scss
314 silly gunzTarPerm extractEntry scss/mixins/_text-hide.scss
315 silly gunzTarPerm extractEntry scss/mixins/_text-truncate.scss
316 silly gunzTarPerm extractEntry scss/mixins/_transition.scss
317 silly gunzTarPerm extractEntry scss/mixins/_visibility.scss
318 silly gunzTarPerm extractEntry scss/utilities/_align.scss
319 silly gunzTarPerm extractEntry scss/utilities/_background.scss
320 silly gunzTarPerm extractEntry scss/utilities/_borders.scss
321 silly gunzTarPerm extractEntry scss/utilities/_clearfix.scss
322 silly gunzTarPerm extractEntry scss/utilities/_display.scss
323 silly gunzTarPerm extractEntry scss/utilities/_embed.scss
324 silly gunzTarPerm extractEntry scss/utilities/_flex.scss
325 silly gunzTarPerm extractEntry scss/utilities/_float.scss
326 silly gunzTarPerm extractEntry scss/utilities/_overflow.scss
327 silly gunzTarPerm extractEntry scss/utilities/_position.scss
328 silly gunzTarPerm extractEntry scss/utilities/_screenreaders.scss
329 silly gunzTarPerm extractEntry scss/utilities/_shadows.scss
330 silly gunzTarPerm extractEntry scss/utilities/_sizing.scss
331 silly gunzTarPerm extractEntry scss/utilities/_spacing.scss
332 silly gunzTarPerm extractEntry scss/utilities/_stretched-link.scss
333 silly gunzTarPerm extractEntry scss/utilities/_text.scss
334 silly gunzTarPerm extractEntry scss/utilities/_visibility.scss
335 silly gunzTarPerm extractEntry scss/vendor/_rfs.scss
336 silly gentlyRm /home/steve/git/lit-element-beers/node_modules/.staging/bootstrap-a1838c39/node_modules is being purged
337 verbose gentlyRm don't care about contents; nuking /home/steve/git/lit-element-beers/node_modules/.staging/bootstrap-a1838c39/node_modules
338 silly doParallel preinstall 2
339 silly preinstall bootstrap@4.3.1 /home/steve/git/lit-element-beers/node_modules/.staging/bootstrap-a1838c39
340 info lifecycle bootstrap@4.3.1~preinstall: bootstrap@4.3.1
341 silly preinstall @granite-elements/granite-lit-bootstrap@4.3.1-3 /home/steve/git/lit-element-beers/node_modules/.staging/@granite-elements/granite-lit-bootstrap-5303423e
342 info lifecycle @granite-elements/granite-lit-bootstrap@4.3.1-3~preinstall: @granite-elements/granite-lit-bootstrap@4.3.1-3
343 silly lifecycle bootstrap@4.3.1~preinstall: no script for preinstall, continuing
344 silly lifecycle @granite-elements/granite-lit-bootstrap@4.3.1-3~preinstall: no script for preinstall, continuing
345 silly doReverseSerial remove 0
346 silly doSerial move 0
347 silly doSerial finalize 2
348 silly finalize /home/steve/git/lit-element-beers/node_modules/bootstrap
349 verbose unlock done using /home/steve/.npm/_locks/staging-58dd86d120d35918.lock for /home/steve/git/lit-element-beers/node_modules/.staging
350 silly rollbackFailedOptional Starting
351 silly rollbackFailedOptional Finishing
352 silly runTopLevelLifecycles Starting
353 silly runTopLevelLifecycles Finishing
354 silly install printInstalled
355 warn bootstrap@4.3.1 requires a peer of jquery@1.9.1 - 3 but none was installed.
356 warn bootstrap@4.3.1 requires a peer of popper.js@^1.14.7 but none was installed.
357 verbose stack Error: EACCES: permission denied, rename '/home/steve/git/lit-element-beers/node_modules/bootstrap' -> '/home/steve/git/lit-element-beers/node_modules/.bootstrap.DELETE'
357 verbose stack     at moveAway (/usr/share/npm/lib/install/action/finalize.js:38:5)
357 verbose stack     at destStatted (/usr/share/npm/lib/install/action/finalize.js:27:7)
357 verbose stack     at FSReqWrap.oncomplete (fs.js:153:5)
357 verbose stack
357 verbose stack Error: EACCES: permission denied, rename '/home/steve/git/lit-element-beers/node_modules/bootstrap' -> '/home/steve/git/lit-element-beers/node_modules/.bootstrap.DELETE'
358 verbose cwd /home/steve/git/lit-element-beers
359 error Linux 4.4.0-17763-Microsoft
360 error argv "/usr/bin/node" "/usr/bin/npm" "i" "@granite-elements/granite-lit-bootstrap"
361 error node v8.10.0
362 error npm  v3.5.2
363 error path /home/steve/git/lit-element-beers/node_modules/bootstrap
364 error code EACCES
365 error errno -13
366 error syscall rename
367 error Error: EACCES: permission denied, rename '/home/steve/git/lit-element-beers/node_modules/bootstrap' -> '/home/steve/git/lit-element-beers/node_modules/.bootstrap.DELETE'
367 error     at moveAway (/usr/share/npm/lib/install/action/finalize.js:38:5)
367 error     at destStatted (/usr/share/npm/lib/install/action/finalize.js:27:7)
367 error     at FSReqWrap.oncomplete (fs.js:153:5)
367 error
367 error Error: EACCES: permission denied, rename '/home/steve/git/lit-element-beers/node_modules/bootstrap' -> '/home/steve/git/lit-element-beers/node_modules/.bootstrap.DELETE'
367 error  { Error: EACCES: permission denied, rename '/home/steve/git/lit-element-beers/node_modules/bootstrap' -> '/home/steve/git/lit-element-beers/node_modules/.bootstrap.DELETE'
367 error     at moveAway (/usr/share/npm/lib/install/action/finalize.js:38:5)
367 error     at destStatted (/usr/share/npm/lib/install/action/finalize.js:27:7)
367 error     at FSReqWrap.oncomplete (fs.js:153:5)
367 error
367 error Error: EACCES: permission denied, rename '/home/steve/git/lit-element-beers/node_modules/bootstrap' -> '/home/steve/git/lit-element-beers/node_modules/.bootstrap.DELETE' parent: 'lit-element-beers' }
368 error Please try running this command again as root/Administrator.
369 verbose exit [ -13, true ]
